SF:lib\features\profile\data\datasources\remote_datasource.dart
DA:13,1
DA:15,1
DA:16,1
DA:17,1
DA:22,2
DA:23,1
DA:24,1
DA:27,0
DA:29,0
DA:30,0
DA:31,0
DA:36,0
DA:37,0
DA:38,0
LF:14
LH:7
end_of_record
SF:lib\features\profile\data\models\profile_model.dart
DA:10,1
DA:16,2
DA:18,1
DA:19,1
DA:20,1
DA:21,1
DA:22,1
DA:23,1
DA:24,1
DA:30,1
DA:31,1
DA:32,1
DA:33,1
DA:34,1
DA:35,1
DA:36,1
DA:40,1
DA:41,1
DA:43,4
LF:19
LH:19
end_of_record
SF:lib\features\profile\domain\entities\profile.dart
DA:10,1
DA:12,0
DA:13,0
DA:14,0
DA:15,0
DA:16,0
DA:17,0
LF:7
LH:1
end_of_record
